2018-12-04 00:07:46.081  INFO 11442 --- [RMI TCP Connection(25)-127.0.0.1] inMXBeanRegistrar$SpringApplicationAdmin : Application shutdown requested.
2018-12-04 00:07:46.092  INFO 11442 --- [RMI TCP Connection(25)-127.0.0.1] ConfigServletWebServerApplicationContext : Closing org.springframework.boot.web.servlet.context.AnnotationConfigServletWebServerApplicationContext@2dcd168a: startup date [Mon Dec 03 23:52:28 CST 2018]; root of context hierarchy
2018-12-04 00:07:46.112  INFO 11442 --- [RMI TCP Connection(25)-127.0.0.1] o.s.j.e.a.AnnotationMBeanExporter        : Unregistering JMX-exposed beans on shutdown
2018-12-04 00:07:46.113  INFO 11442 --- [RMI TCP Connection(25)-127.0.0.1] o.s.j.e.a.AnnotationMBeanExporter        : Unregistering JMX-exposed beans
2018-12-04 00:07:46.115  INFO 11442 --- [RMI TCP Connection(25)-127.0.0.1] j.LocalContainerEntityManagerFactoryBean : Closing JPA EntityManagerFactory for persistence unit 'default'
2018-12-04 00:07:46.124  INFO 11442 --- [RMI TCP Connection(25)-127.0.0.1] com.zaxxer.hikari.HikariDataSource       : HikariPool-1 - Shutdown initiated...
2018-12-04 00:07:46.137  INFO 11442 --- [RMI TCP Connection(25)-127.0.0.1] com.zaxxer.hikari.HikariDataSource       : HikariPool-1 - Shutdown completed.
2018-12-04 00:07:56.682  INFO 11729 --- [main] com.cysell.CySellApi                     : Starting CySellApi on mac-air-05.cs.iastate.edu with PID 11729 (/Users/Matt/Documents/MG_2_CySell/Backend/API/target/classes started by Matt in /Users/Matt/Documents/MG_2_CySell/Backend/API)
2018-12-04 00:07:56.684  INFO 11729 --- [main] com.cysell.CySellApi                     : No active profile set, falling back to default profiles: default
2018-12-04 00:07:56.797  INFO 11729 --- [main] ConfigServletWebServerApplicationContext : Refreshing org.springframework.boot.web.servlet.context.AnnotationConfigServletWebServerApplicationContext@6dee4f1b: startup date [Tue Dec 04 00:07:56 CST 2018]; root of context hierarchy
2018-12-04 00:08:00.028  INFO 11729 --- [main] trationDelegate$BeanPostProcessorChecker : Bean 'org.springframework.transaction.annotation.ProxyTransactionManagementConfiguration' of type [org.springframework.transaction.annotation.ProxyTransactionManagementConfiguration$$EnhancerBySpringCGLIB$$d5b04c7a] is not eligible for getting processed by all BeanPostProcessors (for example: not eligible for auto-proxying)
2018-12-04 00:08:01.360  INFO 11729 --- [main] o.s.b.w.embedded.tomcat.TomcatWebServer  : Tomcat initialized with port(s): 8080 (http)
2018-12-04 00:08:01.436  INFO 11729 --- [main] o.apache.catalina.core.StandardService   : Starting service [Tomcat]
2018-12-04 00:08:01.438  INFO 11729 --- [main] org.apache.catalina.core.StandardEngine  : Starting Servlet Engine: Apache Tomcat/8.5.34
2018-12-04 00:08:01.445  INFO 11729 --- [localhost-startStop-1] o.a.catalina.core.AprLifecycleListener   : The APR based Apache Tomcat Native library which allows optimal performance in production environments was not found on the java.library.path: [/Users/Matt/Library/Java/Extensions:/Library/Java/Extensions:/Network/Library/Java/Extensions:/System/Library/Java/Extensions:/usr/lib/java:.]
2018-12-04 00:08:01.650  INFO 11729 --- [localhost-startStop-1] o.a.c.c.C.[Tomcat].[localhost].[/]       : Initializing Spring embedded WebApplicationContext
2018-12-04 00:08:01.651  INFO 11729 --- [localhost-startStop-1] o.s.web.context.ContextLoader            : Root WebApplicationContext: initialization completed in 4854 ms
2018-12-04 00:08:03.437  INFO 11729 --- [localhost-startStop-1] o.s.b.w.servlet.FilterRegistrationBean   : Mapping filter: 'characterEncodingFilter' to: [/*]
2018-12-04 00:08:03.438  INFO 11729 --- [localhost-startStop-1] o.s.b.w.servlet.FilterRegistrationBean   : Mapping filter: 'webMvcMetricsFilter' to: [/*]
2018-12-04 00:08:03.438  INFO 11729 --- [localhost-startStop-1] o.s.b.w.servlet.FilterRegistrationBean   : Mapping filter: 'hiddenHttpMethodFilter' to: [/*]
2018-12-04 00:08:03.439  INFO 11729 --- [localhost-startStop-1] o.s.b.w.servlet.FilterRegistrationBean   : Mapping filter: 'httpPutFormContentFilter' to: [/*]
2018-12-04 00:08:03.440  INFO 11729 --- [localhost-startStop-1] o.s.b.w.servlet.FilterRegistrationBean   : Mapping filter: 'requestContextFilter' to: [/*]
2018-12-04 00:08:03.441  INFO 11729 --- [localhost-startStop-1] o.s.b.w.servlet.FilterRegistrationBean   : Mapping filter: 'httpTraceFilter' to: [/*]
2018-12-04 00:08:03.441  INFO 11729 --- [localhost-startStop-1] o.s.b.w.servlet.ServletRegistrationBean  : Servlet dispatcherServlet mapped to [/]
2018-12-04 00:08:03.685  INFO 11729 --- [main] com.zaxxer.hikari.HikariDataSource       : HikariPool-1 - Starting...
2018-12-04 00:08:04.156  INFO 11729 --- [main] com.zaxxer.hikari.HikariDataSource       : HikariPool-1 - Start completed.
2018-12-04 00:08:04.250  INFO 11729 --- [main] j.LocalContainerEntityManagerFactoryBean : Building JPA container EntityManagerFactory for persistence unit 'default'
2018-12-04 00:08:04.282  INFO 11729 --- [main] o.hibernate.jpa.internal.util.LogHelper  : HHH000204: Processing PersistenceUnitInfo [
	name: default
	...]
2018-12-04 00:08:04.525  INFO 11729 --- [main] org.hibernate.Version                    : HHH000412: Hibernate Core {5.2.17.Final}
2018-12-04 00:08:04.529  INFO 11729 --- [main] org.hibernate.cfg.Environment            : HHH000206: hibernate.properties not found
2018-12-04 00:08:04.663  INFO 11729 --- [main] o.hibernate.annotations.common.Version   : HCANN000001: Hibernate Commons Annotations {5.0.1.Final}
2018-12-04 00:08:04.951  INFO 11729 --- [main] org.hibernate.dialect.Dialect            : HHH000400: Using dialect: org.hibernate.dialect.MySQL5Dialect
2018-12-04 00:08:07.060  INFO 11729 --- [main] o.h.t.schema.internal.SchemaCreatorImpl  : HHH000476: Executing import script 'org.hibernate.tool.schema.internal.exec.ScriptSourceInputNonExistentImpl@7c421952'
2018-12-04 00:08:07.071  INFO 11729 --- [main] j.LocalContainerEntityManagerFactoryBean : Initialized JPA EntityManagerFactory for persistence unit 'default'
2018-12-04 00:08:07.993  INFO 11729 --- [main] o.s.w.s.handler.SimpleUrlHandlerMapping  : Mapped URL path [/**/favicon.ico] onto handler of type [class org.springframework.web.servlet.resource.ResourceHttpRequestHandler]
2018-12-04 00:08:08.430  INFO 11729 --- [main] s.w.s.m.m.a.RequestMappingHandlerAdapter : Looking for @ControllerAdvice: org.springframework.boot.web.servlet.context.AnnotationConfigServletWebServerApplicationContext@6dee4f1b: startup date [Tue Dec 04 00:07:56 CST 2018]; root of context hierarchy
2018-12-04 00:08:08.516  WARN 11729 --- [main] aWebConfiguration$JpaWebMvcConfiguration : spring.jpa.open-in-view is enabled by default. Therefore, database queries may be performed during view rendering. Explicitly configure spring.jpa.open-in-view to disable this warning
2018-12-04 00:08:08.572  INFO 11729 --- [main] s.w.s.m.m.a.RequestMappingHandlerMapping : Mapped "{[/item]}" onto public java.util.List<com.cysell.model.Item> com.cysell.controllers.ItemController.getAllItems()
2018-12-04 00:08:08.575  INFO 11729 --- [main] s.w.s.m.m.a.RequestMappingHandlerMapping : Mapped "{[/item/user/{item}]}" onto public java.lang.String com.cysell.controllers.ItemController.getUserByItem(com.cysell.model.Item)
2018-12-04 00:08:08.576  INFO 11729 --- [main] s.w.s.m.m.a.RequestMappingHandlerMapping : Mapped "{[/item/{itemId}]}" onto public java.util.Optional<com.cysell.model.Item> com.cysell.controllers.ItemController.getItemById(int)
2018-12-04 00:08:08.577  INFO 11729 --- [main] s.w.s.m.m.a.RequestMappingHandlerMapping : Mapped "{[/item/{user.id}],methods=[POST]}" onto public java.lang.String com.cysell.controllers.ItemController.postItem(com.cysell.model.Item,java.lang.String)
2018-12-04 00:08:08.578  INFO 11729 --- [main] s.w.s.m.m.a.RequestMappingHandlerMapping : Mapped "{[/item/elec]}" onto public java.util.List<com.cysell.model.Item> com.cysell.controllers.ItemController.getAllElecItems()
2018-12-04 00:08:08.578  INFO 11729 --- [main] s.w.s.m.m.a.RequestMappingHandlerMapping : Mapped "{[/item/book]}" onto public java.util.List<com.cysell.model.Item> com.cysell.controllers.ItemController.getAllBookItems()
2018-12-04 00:08:08.579  INFO 11729 --- [main] s.w.s.m.m.a.RequestMappingHandlerMapping : Mapped "{[/item/furn]}" onto public java.util.List<com.cysell.model.Item> com.cysell.controllers.ItemController.getAllFurnItems()
2018-12-04 00:08:08.581  INFO 11729 --- [main] s.w.s.m.m.a.RequestMappingHandlerMapping : Mapped "{[/item/ticket]}" onto public java.util.List<com.cysell.model.Item> com.cysell.controllers.ItemController.getAllTicketItems()
2018-12-04 00:08:08.584  INFO 11729 --- [main] s.w.s.m.m.a.RequestMappingHandlerMapping : Mapped "{[/login/{user}],methods=[POST]}" onto public java.lang.String com.cysell.controllers.UserController.postUserThroughLogin(com.cysell.model.User)
2018-12-04 00:08:08.584  INFO 11729 --- [main] s.w.s.m.m.a.RequestMappingHandlerMapping : Mapped "{[/user],methods=[POST]}" onto public java.lang.String com.cysell.controllers.UserController.postUser(com.cysell.model.User)
2018-12-04 00:08:08.584  INFO 11729 --- [main] s.w.s.m.m.a.RequestMappingHandlerMapping : Mapped "{[/user/{user.id}]}" onto public com.cysell.model.User com.cysell.controllers.UserController.getUserById(java.lang.String)
2018-12-04 00:08:08.585  INFO 11729 --- [main] s.w.s.m.m.a.RequestMappingHandlerMapping : Mapped "{[/users]}" onto public java.util.List<com.cysell.model.User> com.cysell.controllers.UserController.getAllUsers()
2018-12-04 00:08:08.591  INFO 11729 --- [main] s.w.s.m.m.a.RequestMappingHandlerMapping : Mapped "{[/error]}" onto public org.springframework.http.ResponseEntity<java.util.Map<java.lang.String, java.lang.Object>> org.springframework.boot.autoconfigure.web.servlet.error.BasicErrorController.error(javax.servlet.http.HttpServletRequest)
2018-12-04 00:08:08.592  INFO 11729 --- [main] s.w.s.m.m.a.RequestMappingHandlerMapping : Mapped "{[/error],produces=[text/html]}" onto public org.springframework.web.servlet.ModelAndView org.springframework.boot.autoconfigure.web.servlet.error.BasicErrorController.errorHtml(javax.servlet.http.HttpServletRequest,javax.servlet.http.HttpServletResponse)
2018-12-04 00:08:08.634  INFO 11729 --- [main] o.s.w.s.handler.SimpleUrlHandlerMapping  : Mapped URL path [/webjars/**] onto handler of type [class org.springframework.web.servlet.resource.ResourceHttpRequestHandler]
2018-12-04 00:08:08.634  INFO 11729 --- [main] o.s.w.s.handler.SimpleUrlHandlerMapping  : Mapped URL path [/**] onto handler of type [class org.springframework.web.servlet.resource.ResourceHttpRequestHandler]
2018-12-04 00:08:09.287  INFO 11729 --- [main] o.s.b.a.e.web.EndpointLinksResolver      : Exposing 15 endpoint(s) beneath base path '/manage'
2018-12-04 00:08:09.306  INFO 11729 --- [main] s.b.a.e.w.s.WebMvcEndpointHandlerMapping : Mapped "{[/manage/auditevents],methods=[GET],produces=[application/vnd.spring-boot.actuator.v2+json || application/json]}" onto public java.lang.Object org.springframework.boot.actuate.endpoint.web.servlet.AbstractWebMvcEndpointHandlerMapping$OperationHandler.handle(javax.servlet.http.HttpServletRequest,java.util.Map<java.lang.String, java.lang.String>)
2018-12-04 00:08:09.335  INFO 11729 --- [main] s.b.a.e.w.s.WebMvcEndpointHandlerMapping : Mapped "{[/manage/beans],methods=[GET],produces=[application/vnd.spring-boot.actuator.v2+json || application/json]}" onto public java.lang.Object org.springframework.boot.actuate.endpoint.web.servlet.AbstractWebMvcEndpointHandlerMapping$OperationHandler.handle(javax.servlet.http.HttpServletRequest,java.util.Map<java.lang.String, java.lang.String>)
2018-12-04 00:08:09.335  INFO 11729 --- [main] s.b.a.e.w.s.WebMvcEndpointHandlerMapping : Mapped "{[/manage/health],methods=[GET],produces=[application/vnd.spring-boot.actuator.v2+json || application/json]}" onto public java.lang.Object org.springframework.boot.actuate.endpoint.web.servlet.AbstractWebMvcEndpointHandlerMapping$OperationHandler.handle(javax.servlet.http.HttpServletRequest,java.util.Map<java.lang.String, java.lang.String>)
2018-12-04 00:08:09.336  INFO 11729 --- [main] s.b.a.e.w.s.WebMvcEndpointHandlerMapping : Mapped "{[/manage/conditions],methods=[GET],produces=[application/vnd.spring-boot.actuator.v2+json || application/json]}" onto public java.lang.Object org.springframework.boot.actuate.endpoint.web.servlet.AbstractWebMvcEndpointHandlerMapping$OperationHandler.handle(javax.servlet.http.HttpServletRequest,java.util.Map<java.lang.String, java.lang.String>)
2018-12-04 00:08:09.337  INFO 11729 --- [main] s.b.a.e.w.s.WebMvcEndpointHandlerMapping : Mapped "{[/manage/configprops],methods=[GET],produces=[application/vnd.spring-boot.actuator.v2+json || application/json]}" onto public java.lang.Object org.springframework.boot.actuate.endpoint.web.servlet.AbstractWebMvcEndpointHandlerMapping$OperationHandler.handle(javax.servlet.http.HttpServletRequest,java.util.Map<java.lang.String, java.lang.String>)
2018-12-04 00:08:09.338  INFO 11729 --- [main] s.b.a.e.w.s.WebMvcEndpointHandlerMapping : Mapped "{[/manage/env],methods=[GET],produces=[application/vnd.spring-boot.actuator.v2+json || application/json]}" onto public java.lang.Object org.springframework.boot.actuate.endpoint.web.servlet.AbstractWebMvcEndpointHandlerMapping$OperationHandler.handle(javax.servlet.http.HttpServletRequest,java.util.Map<java.lang.String, java.lang.String>)
2018-12-04 00:08:09.339  INFO 11729 --- [main] s.b.a.e.w.s.WebMvcEndpointHandlerMapping : Mapped "{[/manage/env/{toMatch}],methods=[GET],produces=[application/vnd.spring-boot.actuator.v2+json || application/json]}" onto public java.lang.Object org.springframework.boot.actuate.endpoint.web.servlet.AbstractWebMvcEndpointHandlerMapping$OperationHandler.handle(javax.servlet.http.HttpServletRequest,java.util.Map<java.lang.String, java.lang.String>)
2018-12-04 00:08:09.339  INFO 11729 --- [main] s.b.a.e.w.s.WebMvcEndpointHandlerMapping : Mapped "{[/manage/info],methods=[GET],produces=[application/vnd.spring-boot.actuator.v2+json || application/json]}" onto public java.lang.Object org.springframework.boot.actuate.endpoint.web.servlet.AbstractWebMvcEndpointHandlerMapping$OperationHandler.handle(javax.servlet.http.HttpServletRequest,java.util.Map<java.lang.String, java.lang.String>)
2018-12-04 00:08:09.341  INFO 11729 --- [main] s.b.a.e.w.s.WebMvcEndpointHandlerMapping : Mapped "{[/manage/logfile],methods=[GET],produces=[application/octet-stream]}" onto public java.lang.Object org.springframework.boot.actuate.endpoint.web.servlet.AbstractWebMvcEndpointHandlerMapping$OperationHandler.handle(javax.servlet.http.HttpServletRequest,java.util.Map<java.lang.String, java.lang.String>)
2018-12-04 00:08:09.342  INFO 11729 --- [main] s.b.a.e.w.s.WebMvcEndpointHandlerMapping : Mapped "{[/manage/loggers],methods=[GET],produces=[application/vnd.spring-boot.actuator.v2+json || application/json]}" onto public java.lang.Object org.springframework.boot.actuate.endpoint.web.servlet.AbstractWebMvcEndpointHandlerMapping$OperationHandler.handle(javax.servlet.http.HttpServletRequest,java.util.Map<java.lang.String, java.lang.String>)
2018-12-04 00:08:09.343  INFO 11729 --- [main] s.b.a.e.w.s.WebMvcEndpointHandlerMapping : Mapped "{[/manage/loggers/{name}],methods=[GET],produces=[application/vnd.spring-boot.actuator.v2+json || application/json]}" onto public java.lang.Object org.springframework.boot.actuate.endpoint.web.servlet.AbstractWebMvcEndpointHandlerMapping$OperationHandler.handle(javax.servlet.http.HttpServletRequest,java.util.Map<java.lang.String, java.lang.String>)
2018-12-04 00:08:09.344  INFO 11729 --- [main] s.b.a.e.w.s.WebMvcEndpointHandlerMapping : Mapped "{[/manage/loggers/{name}],methods=[POST],consumes=[application/vnd.spring-boot.actuator.v2+json || application/json]}" onto public java.lang.Object org.springframework.boot.actuate.endpoint.web.servlet.AbstractWebMvcEndpointHandlerMapping$OperationHandler.handle(javax.servlet.http.HttpServletRequest,java.util.Map<java.lang.String, java.lang.String>)
2018-12-04 00:08:09.344  INFO 11729 --- [main] s.b.a.e.w.s.WebMvcEndpointHandlerMapping : Mapped "{[/manage/heapdump],methods=[GET],produces=[application/octet-stream]}" onto public java.lang.Object org.springframework.boot.actuate.endpoint.web.servlet.AbstractWebMvcEndpointHandlerMapping$OperationHandler.handle(javax.servlet.http.HttpServletRequest,java.util.Map<java.lang.String, java.lang.String>)
2018-12-04 00:08:09.345  INFO 11729 --- [main] s.b.a.e.w.s.WebMvcEndpointHandlerMapping : Mapped "{[/manage/threaddump],methods=[GET],produces=[application/vnd.spring-boot.actuator.v2+json || application/json]}" onto public java.lang.Object org.springframework.boot.actuate.endpoint.web.servlet.AbstractWebMvcEndpointHandlerMapping$OperationHandler.handle(javax.servlet.http.HttpServletRequest,java.util.Map<java.lang.String, java.lang.String>)
2018-12-04 00:08:09.346  INFO 11729 --- [main] s.b.a.e.w.s.WebMvcEndpointHandlerMapping : Mapped "{[/manage/metrics],methods=[GET],produces=[application/vnd.spring-boot.actuator.v2+json || application/json]}" onto public java.lang.Object org.springframework.boot.actuate.endpoint.web.servlet.AbstractWebMvcEndpointHandlerMapping$OperationHandler.handle(javax.servlet.http.HttpServletRequest,java.util.Map<java.lang.String, java.lang.String>)
2018-12-04 00:08:09.346  INFO 11729 --- [main] s.b.a.e.w.s.WebMvcEndpointHandlerMapping : Mapped "{[/manage/metrics/{requiredMetricName}],methods=[GET],produces=[application/vnd.spring-boot.actuator.v2+json || application/json]}" onto public java.lang.Object org.springframework.boot.actuate.endpoint.web.servlet.AbstractWebMvcEndpointHandlerMapping$OperationHandler.handle(javax.servlet.http.HttpServletRequest,java.util.Map<java.lang.String, java.lang.String>)
2018-12-04 00:08:09.346  INFO 11729 --- [main] s.b.a.e.w.s.WebMvcEndpointHandlerMapping : Mapped "{[/manage/scheduledtasks],methods=[GET],produces=[application/vnd.spring-boot.actuator.v2+json || application/json]}" onto public java.lang.Object org.springframework.boot.actuate.endpoint.web.servlet.AbstractWebMvcEndpointHandlerMapping$OperationHandler.handle(javax.servlet.http.HttpServletRequest,java.util.Map<java.lang.String, java.lang.String>)
2018-12-04 00:08:09.347  INFO 11729 --- [main] s.b.a.e.w.s.WebMvcEndpointHandlerMapping : Mapped "{[/manage/httptrace],methods=[GET],produces=[application/vnd.spring-boot.actuator.v2+json || application/json]}" onto public java.lang.Object org.springframework.boot.actuate.endpoint.web.servlet.AbstractWebMvcEndpointHandlerMapping$OperationHandler.handle(javax.servlet.http.HttpServletRequest,java.util.Map<java.lang.String, java.lang.String>)
2018-12-04 00:08:09.349  INFO 11729 --- [main] s.b.a.e.w.s.WebMvcEndpointHandlerMapping : Mapped "{[/manage/mappings],methods=[GET],produces=[application/vnd.spring-boot.actuator.v2+json || application/json]}" onto public java.lang.Object org.springframework.boot.actuate.endpoint.web.servlet.AbstractWebMvcEndpointHandlerMapping$OperationHandler.handle(javax.servlet.http.HttpServletRequest,java.util.Map<java.lang.String, java.lang.String>)
2018-12-04 00:08:09.350  INFO 11729 --- [main] s.b.a.e.w.s.WebMvcEndpointHandlerMapping : Mapped "{[/manage],methods=[GET],produces=[application/vnd.spring-boot.actuator.v2+json || application/json]}" onto protected java.util.Map<java.lang.String, java.util.Map<java.lang.String, org.springframework.boot.actuate.endpoint.web.Link>> org.springframework.boot.actuate.endpoint.web.servlet.WebMvcEndpointHandlerMapping.links(javax.servlet.http.HttpServletRequest,javax.servlet.http.HttpServletResponse)
2018-12-04 00:08:09.435  INFO 11729 --- [main] o.s.w.s.s.s.ServerEndpointExporter       : Registering @ServerEndpoint class: class com.cysell.websockets.WebSocketServer
2018-12-04 00:08:09.451  INFO 11729 --- [main] o.s.j.e.a.AnnotationMBeanExporter        : Registering beans for JMX exposure on startup
2018-12-04 00:08:09.454  INFO 11729 --- [main] o.s.j.e.a.AnnotationMBeanExporter        : Bean with name 'dataSource' has been autodetected for JMX exposure
2018-12-04 00:08:09.467  INFO 11729 --- [main] o.s.j.e.a.AnnotationMBeanExporter        : Located MBean 'dataSource': registering with JMX server as MBean [com.zaxxer.hikari:name=dataSource,type=HikariDataSource]
2018-12-04 00:08:09.539  INFO 11729 --- [main] o.s.b.w.embedded.tomcat.TomcatWebServer  : Tomcat started on port(s): 8080 (http) with context path ''
2018-12-04 00:08:09.557  INFO 11729 --- [main] com.cysell.CySellApi                     : Started CySellApi in 13.543 seconds (JVM running for 15.023)
2018-12-04 00:08:12.135  INFO 11729 --- [RMI TCP Connection(3)-127.0.0.1] o.a.c.c.C.[Tomcat].[localhost].[/]       : Initializing Spring FrameworkServlet 'dispatcherServlet'
2018-12-04 00:08:12.136  INFO 11729 --- [RMI TCP Connection(3)-127.0.0.1] o.s.web.servlet.DispatcherServlet        : FrameworkServlet 'dispatcherServlet': initialization started
2018-12-04 00:08:12.166  INFO 11729 --- [RMI TCP Connection(3)-127.0.0.1] o.s.web.servlet.DispatcherServlet        : FrameworkServlet 'dispatcherServlet': initialization completed in 30 ms
2018-12-04 00:12:11.014  INFO 11729 --- [http-nio-8080-exec-1] com.cysell.websockets.WebSocketServer    : Entered into Open for session 1
2018-12-04 00:14:55.293  INFO 11729 --- [http-nio-8080-exec-2] com.cysell.websockets.WebSocketServer    : Entered into Errorjava.io.EOFException
2018-12-04 00:14:55.311  INFO 11729 --- [http-nio-8080-exec-2] com.cysell.websockets.WebSocketServer    : Entered into Close
